<?xml version="1.0" encoding="UTF-8"?>
<!-- Generated by org.testng.reporters.JUnitReportReporter -->
<testsuite hostname="dulceria" failures="0" tests="1" name="ProyectoIntegrador.alarma" time="0.125" errors="0" timestamp="08 dic 2023 00:10:08 GMT" skipped="0">
  <testcase classname="ProyectoIntegrador.alarma" name="ClickAlarm" time="0.125"/>
</testsuite> <!-- ProyectoIntegrador.alarma -->
