<?xml version="1.0" encoding="UTF-8"?>
<!-- Generated by org.testng.reporters.JUnitReportReporter -->
<testsuite hostname="dulceria" failures="0" tests="1" name="pruebas.Crossbrowser" time="28.876" errors="0" timestamp="01 dic 2023 21:14:25 GMT" skipped="0">
  <testcase classname="pruebas.Crossbrowser" name="Register" time="28.876"/>
</testsuite> <!-- pruebas.Crossbrowser -->
