<?xml version="1.0" encoding="UTF-8"?>
<!-- Generated by org.testng.reporters.JUnitReportReporter -->
<testsuite hostname="dulceria" failures="0" tests="1" name="pruebas.lab4_E1" time="0.000" errors="0" timestamp="07 dic 2023 22:15:57 GMT" skipped="1">
  <testcase classname="pruebas.lab4_E1" name="gotoLogin" time="0.000">
    <skipped/>
  </testcase> <!-- gotoLogin -->
</testsuite> <!-- pruebas.lab4_E1 -->
