<?xml version="1.0" encoding="UTF-8"?>
<!-- Generated by org.testng.reporters.JUnitReportReporter -->
<testsuite hostname="dulceria" failures="0" tests="1" name="ProyectoIntegrador.LoadPage" time="9.365" errors="0" timestamp="07 dic 2023 17:08:12 GMT" skipped="0">
  <testcase classname="ProyectoIntegrador.LoadPage" name="LoadFile" time="9.365"/>
</testsuite> <!-- ProyectoIntegrador.LoadPage -->
