<?xml version="1.0" encoding="UTF-8"?>
<!-- Generated by org.testng.reporters.JUnitReportReporter -->
<testsuite hostname="dulceria" failures="0" tests="1" name="ProyectoIntegrador.imprimirCelda" time="0.092" errors="0" timestamp="15 dic 2023 19:13:04 GMT" skipped="0">
  <testcase classname="ProyectoIntegrador.imprimirCelda" name="SelectBoard" time="0.092"/>
</testsuite> <!-- ProyectoIntegrador.imprimirCelda -->
